# JRE version: OpenJDK Runtime Environment Microsoft-8035246 (17.0.8+7) (build 17.0.8+7-LTS)
# Java VM: OpenJDK 64-Bit Server VM Microsoft-8035246 (17.0.8+7-LTS, mixed mode, sharing, tiered, compressed oops, compressed class ptrs, g1 gc, windows-amd64)
GC Precious Log:
 CPUs: 8 total, 8 available
 Memory: 8087M
 Large Page Support: Disabled
 NUMA Support: Disabled
 Compressed Oops: Enabled (32-bit)
 Heap Region Size: 1M
 Heap Min Capacity: 8M
 Heap Initial Capacity: 128M
 Heap Max Capacity: 2G
 Pre-touch: Disabled
 Parallel Workers: 8
 Concurrent Workers: 2
 Concurrent Refinement Workers: 8
 Periodic GC: Disabled
Heap:
 garbage-first heap   total 331776K, used 144164K [0x0000000080000000, 0x0000000100000000)
  region size 1024K, 16 young (16384K), 11 survivors (11264K)
 Metaspace       used 109503K, committed 110400K, reserved 557056K
  class space    used 14758K, committed 15232K, reserved 425984K
GC Heap History (20 events):
Event: 30.497 GC heap before
{Heap before GC invocations=45 (full 0):
 garbage-first heap   total 163840K, used 94886K [0x0000000080000000, 0x0000000100000000)
  region size 1024K, 8 young (8192K), 4 survivors (4096K)
 Metaspace       used 83159K, committed 83840K, reserved 557056K
  class space    used 11463K, committed 11776K, reserved 425984K
}
Event: 30.502 GC heap after
{Heap after GC invocations=46 (full 0):
 garbage-first heap   total 163840K, used 90783K [0x0000000080000000, 0x0000000100000000)
  region size 1024K, 1 young (1024K), 1 survivors (1024K)
 Metaspace       used 83159K, committed 83840K, reserved 557056K
  class space    used 11463K, committed 11776K, reserved 425984K
}
Event: 37.094 GC heap before
{Heap before GC invocations=46 (full 0):
 garbage-first heap   total 163840K, used 126623K [0x0000000080000000, 0x0000000100000000)
  region size 1024K, 36 young (36864K), 1 survivors (1024K)
 Metaspace       used 83816K, committed 84544K, reserved 557056K
  class space    used 11557K, committed 11904K, reserved 425984K
}
Event: 37.099 GC heap after
{Heap after GC invocations=47 (full 0):
 garbage-first heap   total 163840K, used 93615K [0x0000000080000000, 0x0000000100000000)
  region size 1024K, 4 young (4096K), 4 survivors (4096K)
 Metaspace       used 83816K, committed 84544K, reserved 557056K
  class space    used 11557K, committed 11904K, reserved 425984K
}
Event: 37.926 GC heap before
{Heap before GC invocations=48 (full 0):
 garbage-first heap   total 165888K, used 128431K [0x0000000080000000, 0x0000000100000000)
  region size 1024K, 38 young (38912K), 4 survivors (4096K)
 Metaspace       used 86545K, committed 87296K, reserved 557056K
  class space    used 11929K, committed 12288K, reserved 425984K
}
Event: 37.931 GC heap after
{Heap after GC invocations=49 (full 0):
 garbage-first heap   total 165888K, used 94990K [0x0000000080000000, 0x0000000100000000)
  region size 1024K, 2 young (2048K), 2 survivors (2048K)
 Metaspace       used 86545K, committed 87296K, reserved 557056K
  class space    used 11929K, committed 12288K, reserved 425984K
}
Event: 38.054 GC heap before
{Heap before GC invocations=49 (full 0):
 garbage-first heap   total 165888K, used 102158K [0x0000000080000000, 0x0000000100000000)
  region size 1024K, 8 young (8192K), 2 survivors (2048K)
 Metaspace       used 86937K, committed 87744K, reserved 557056K
  class space    used 11970K, committed 12352K, reserved 425984K
}
Event: 38.059 GC heap after
{Heap after GC invocations=50 (full 0):
 garbage-first heap   total 165888K, used 95559K [0x0000000080000000, 0x0000000100000000)
  region size 1024K, 1 young (1024K), 1 survivors (1024K)
 Metaspace       used 86937K, committed 87744K, reserved 557056K
  class space    used 11970K, committed 12352K, reserved 425984K
}
Event: 38.921 GC heap before
{Heap before GC invocations=50 (full 0):
 garbage-first heap   total 165888K, used 132423K [0x0000000080000000, 0x0000000100000000)
  region size 1024K, 37 young (37888K), 1 survivors (1024K)
 Metaspace       used 89769K, committed 90496K, reserved 557056K
  class space    used 12538K, committed 12864K, reserved 425984K
}
Event: 38.927 GC heap after
{Heap after GC invocations=51 (full 0):
 garbage-first heap   total 331776K, used 96710K [0x0000000080000000, 0x0000000100000000)
  region size 1024K, 3 young (3072K), 3 survivors (3072K)
 Metaspace       used 89769K, committed 90496K, reserved 557056K
  class space    used 12538K, committed 12864K, reserved 425984K
}
Event: 42.406 GC heap before
{Heap before GC invocations=51 (full 0):
 garbage-first heap   total 331776K, used 244166K [0x0000000080000000, 0x0000000100000000)
  region size 1024K, 147 young (150528K), 3 survivors (3072K)
 Metaspace       used 99379K, committed 100160K, reserved 557056K
  class space    used 13815K, committed 14208K, reserved 425984K
}
Event: 42.423 GC heap after
{Heap after GC invocations=52 (full 0):
 garbage-first heap   total 331776K, used 106911K [0x0000000080000000, 0x0000000100000000)
  region size 1024K, 13 young (13312K), 13 survivors (13312K)
 Metaspace       used 99379K, committed 100160K, reserved 557056K
  class space    used 13815K, committed 14208K, reserved 425984K
}
Event: 46.365 GC heap before
{Heap before GC invocations=52 (full 0):
 garbage-first heap   total 331776K, used 262559K [0x0000000080000000, 0x0000000100000000)
  region size 1024K, 157 young (160768K), 13 survivors (13312K)
 Metaspace       used 102364K, committed 103168K, reserved 557056K
  class space    used 14107K, committed 14528K, reserved 425984K
}
Event: 46.389 GC heap after
{Heap after GC invocations=53 (full 0):
 garbage-first heap   total 331776K, used 118631K [0x0000000080000000, 0x0000000100000000)
  region size 1024K, 20 young (20480K), 20 survivors (20480K)
 Metaspace       used 102364K, committed 103168K, reserved 557056K
  class space    used 14107K, committed 14528K, reserved 425984K
}
Event: 48.512 GC heap before
{Heap before GC invocations=53 (full 0):
 garbage-first heap   total 331776K, used 286567K [0x0000000080000000, 0x0000000100000000)
  region size 1024K, 157 young (160768K), 20 survivors (20480K)
 Metaspace       used 102961K, committed 103808K, reserved 557056K
  class space    used 14141K, committed 14528K, reserved 425984K
}
Event: 48.540 GC heap after
{Heap after GC invocations=54 (full 0):
 garbage-first heap   total 331776K, used 129935K [0x0000000080000000, 0x0000000100000000)
  region size 1024K, 11 young (11264K), 11 survivors (11264K)
 Metaspace       used 102961K, committed 103808K, reserved 557056K
  class space    used 14141K, committed 14528K, reserved 425984K
}
Event: 77.039 GC heap before
{Heap before GC invocations=54 (full 0):
 garbage-first heap   total 331776K, used 270223K [0x0000000080000000, 0x0000000100000000)
  region size 1024K, 141 young (144384K), 11 survivors (11264K)
 Metaspace       used 106984K, committed 107840K, reserved 557056K
  class space    used 14607K, committed 14976K, reserved 425984K
}
Event: 77.059 GC heap after
{Heap after GC invocations=55 (full 0):
 garbage-first heap   total 331776K, used 137599K [0x0000000080000000, 0x0000000100000000)
  region size 1024K, 8 young (8192K), 8 survivors (8192K)
 Metaspace       used 106984K, committed 107840K, reserved 557056K
  class space    used 14607K, committed 14976K, reserved 425984K
}
Event: 4255.031 GC heap before
{Heap before GC invocations=55 (full 0):
 garbage-first heap   total 331776K, used 266623K [0x0000000080000000, 0x0000000100000000)
  region size 1024K, 135 young (138240K), 8 survivors (8192K)
 Metaspace       used 109485K, committed 110400K, reserved 557056K
  class space    used 14758K, committed 15232K, reserved 425984K
}
Event: 4255.298 GC heap after
{Heap after GC invocations=56 (full 0):
 garbage-first heap   total 331776K, used 140068K [0x0000000080000000, 0x0000000100000000)
  region size 1024K, 11 young (11264K), 11 survivors (11264K)
 Metaspace       used 109485K, committed 110400K, reserved 557056K
  class space    used 14758K, committed 15232K, reserved 425984K
}

